Arguments: 
  C:\Program Files\nodejs\node.exe C:\Program Files (x86)\Yarn\bin\yarn.js add @fortawesome/free-solid-svg-icons \

PATH: 
  C:\app\Administrator\product\11.2.0\client_1\bin;C:\ProgramData\Oracle\Java\javapath;C:\Program Files (x86)\Intel\iCLS Client\;C:\Program Files\Intel\iCLS Client\;C:\WINDOWS\system32;C:\WINDOWS;C:\WINDOWS\System32\Wbem;C:\WINDOWS\System32\WindowsPowerShell\v1.0\;C:\Program Files (x86)\Intel\Intel(R) Management Engine Components\DAL;C:\Program Files\Intel\Intel(R) Management Engine Components\DAL;C:\Program Files (x86)\Intel\Intel(R) Management Engine Components\IPT;C:\Program Files\Intel\Intel(R) Management Engine Components\IPT;C:\Program Files\PuTTY\;C:\Program Files\dotnet\;C:\Program Files\Microsoft SQL Server\130\Tools\Binn\;C:\Program Files\nodejs\;C:\Program Files (x86)\Infocert\DiKe 6\RAO;C:\PostgreSQL\pg10\bin;C:\PostgreSQL\pg10\lib;C:\Program Files\Git\cmd;C:\Program Files (x86)\Yarn\bin\;C:\Users\administrator\AppData\Local\Microsoft\WindowsApps;C:\Users\administrator\AppData\Roaming\npm;C:\Users\administrator\AppData\Local\Programs\Microsoft VS Code\bin;C:\Users\administrator\AppData\Local\Yarn\bin

Yarn version: 
  1.12.3

Node version: 
  8.12.0

Platform: 
  win32 x64

Trace: 
  Error: EBUSY: resource busy or locked, lstat 'C:\hiberfil.sys'

npm manifest: 
  {
    "name": "intranet",
    "version": "0.1.0",
    "license": "MIT",
    "scripts": {
      "ng": "ng",
      "start": "ng serve",
      "build": "ng build --prod",
      "test": "ng test",
      "lint": "ng lint",
      "e2e": "ng e2e"
    },
    "private": true,
    "dependencies": {
      "@angular/animations": "^6.1.10",
      "@angular/cdk": "^6.4.7",
      "@angular/common": "^6.1.10",
      "@angular/compiler": "^6.1.10",
      "@angular/core": "^6.1.10",
      "@angular/forms": "^6.1.10",
      "@angular/http": "^6.1.10",
      "@angular/material": "^6.4.7",
      "@angular/platform-browser": "^6.1.10",
      "@angular/platform-browser-dynamic": "^6.1.10",
      "@angular/router": "^6.1.10",
      "angular": "^1.7.5",
      "angular-cli": "^1.0.0-beta.28.3",
      "angular-popper": "^2.0.0",
      "bootstrap": "^4.1.3",
      "core-js": "^2.5.7",
      "hammerjs": "^2.0.8",
      "jquery": "^3.3.1",
      "ng": "0.0.0",
      "npm": "^6.4.1",
      "popper.js": "^1.14.4",
      "rxjs": "^6.3.3",
      "webpack": "^4.24.0",
      "webpack-dev-server": "^3.1.10",
      "zone.js": "^0.8.19"
    },
    "devDependencies": {
      "@angular-devkit/build-angular": "~0.10.0",
      "@angular/cli": "^7.0.5",
      "@angular/compiler-cli": "^6.1.10",
      "@angular/language-service": "^6.1.10",
      "@types/jasmine": "^2.8.9",
      "@types/jasminewd2": "^2.0.5",
      "@types/node": "^10.12.2",
      "angular-ide": "^0.9.52",
      "codelyzer": "^4.5.0",
      "jasmine": "^3.3.0",
      "jasmine-core": "~3.1.0",
      "jasmine-spec-reporter": "~4.2.1",
      "karma": "^3.1.1",
      "karma-chrome-launcher": "~2.2.0",
      "karma-coverage-istanbul-reporter": "^2.0.4",
      "karma-jasmine": "~1.1.0",
      "karma-jasmine-html-reporter": "^1.4.0",
      "less": "^3.8.1",
      "protractor": "^5.4.1",
      "ts-node": "~6.1.1",
      "tslint": "~5.10.0",
      "typescript": "^2.9.2"
    }
  }

yarn manifest: 
  No manifest

Lockfile: 
  No lockfile
